<?xml version="1.0" encoding="UTF-8"?>
<!-- Generated by org.testng.reporters.JUnitReportReporter -->
<testsuite hostname="ISTN24220" failures="0" tests="2" name="tests.OrderMaterial" time="49.100" errors="0" timestamp="14 Nov 2019 13:10:19 GMT" skipped="0">
  <testcase classname="tests.OrderMaterial" name="InvalidOrderMaterialSearch" time="26.819"/>
  <testcase classname="tests.OrderMaterial" name="OrderMaterialSearch" time="22.281"/>
</testsuite> <!-- tests.OrderMaterial -->
