<?xml version="1.0" encoding="UTF-8"?>
<!-- Generated by org.testng.reporters.JUnitReportReporter -->
<testsuite hostname="ISTN24220" failures="0" tests="1" name="tests.LanguageSearch" time="17.091" errors="0" timestamp="15 Oct 2019 12:07:50 GMT" skipped="0">
  <testcase classname="tests.LanguageSearch" name="LanguageSearch" time="17.091"/>
</testsuite> <!-- tests.LanguageSearch -->
