<?xml version="1.0" encoding="UTF-8"?>
<!-- Generated by org.testng.reporters.JUnitReportReporter -->
<testsuite hostname="ISTN24220" failures="0" tests="1" name="tests.GroupSearch" time="19.122" errors="0" timestamp="15 Oct 2019 10:49:37 GMT" skipped="0">
  <testcase classname="tests.GroupSearch" name="groupSearch" time="19.122"/>
</testsuite> <!-- tests.GroupSearch -->
