<?xml version="1.0" encoding="UTF-8"?>
<!-- Generated by org.testng.reporters.JUnitReportReporter -->
<testsuite hostname="ISTN24220" failures="0" tests="2" name="tests.Module" time="40.703" errors="0" timestamp="15 Oct 2019 13:52:38 GMT" skipped="0">
  <testcase classname="tests.Module" name="EmptyAddModule" time="23.712"/>
  <testcase classname="tests.Module" name="AddModule" time="16.991"/>
</testsuite> <!-- tests.Module -->
