<?xml version="1.0" encoding="UTF-8"?>
<!-- Generated by org.testng.reporters.JUnitReportReporter -->
<testsuite hostname="ISTN24220" failures="0" tests="2" name="tests.Duration" time="32.123" errors="0" timestamp="14 Oct 2019 10:35:01 GMT" skipped="0">
  <testcase classname="tests.Duration" name="invalidAddDuration" time="20.442"/>
  <testcase classname="tests.Duration" name="AddDuration" time="11.681"/>
</testsuite> <!-- tests.Duration -->
