<?xml version="1.0" encoding="UTF-8"?>
<!-- Generated by org.testng.reporters.JUnitReportReporter -->
<testsuite hostname="ISTN24220" failures="0" tests="1" name="tests.Pallet_DefinitionEdit" time="21.228" errors="0" timestamp="16 Sep 2019 13:12:15 GMT" skipped="0">
  <testcase classname="tests.Pallet_DefinitionEdit" name="PalletDefinitionEdit" time="21.228"/>
</testsuite> <!-- tests.Pallet_DefinitionEdit -->
