<?xml version="1.0" encoding="UTF-8"?>
<!-- Generated by org.testng.reporters.JUnitReportReporter -->
<testsuite hostname="ISTN24220" failures="0" tests="1" name="tests.LocalizationSearch" time="19.755" errors="0" timestamp="16 Oct 2019 08:39:59 GMT" skipped="0">
  <testcase classname="tests.LocalizationSearch" name="InvalidTruckSearch" time="19.755"/>
</testsuite> <!-- tests.LocalizationSearch -->
