<?xml version="1.0" encoding="UTF-8"?>
<!-- Generated by org.testng.reporters.JUnitReportReporter -->
<testsuite hostname="ISTN24220" failures="0" tests="1" name="tests.Order_PackageSearch" time="20.824" errors="0" timestamp="14 Oct 2019 13:34:31 GMT" skipped="0">
  <testcase classname="tests.Order_PackageSearch" name="OrderPackageSearch" time="20.824"/>
</testsuite> <!-- tests.Order_PackageSearch -->
