<?xml version="1.0" encoding="UTF-8"?>
<!-- Generated by org.testng.reporters.JUnitReportReporter -->
<testsuite hostname="ISTN24220" failures="0" tests="1" name="tests.RoutingSearch" time="15.634" errors="0" timestamp="18 Sep 2019 11:24:59 GMT" skipped="0">
  <testcase classname="tests.RoutingSearch" name="InvalidDimensionEdit" time="15.634"/>
</testsuite> <!-- tests.RoutingSearch -->
