<?xml version="1.0" encoding="UTF-8"?>
<!-- Generated by org.testng.reporters.JUnitReportReporter -->
<testsuite hostname="ISTN24220" failures="0" tests="1" name="tests.MessageTemplateSearch" time="15.961" errors="0" timestamp="16 Oct 2019 11:01:11 GMT" skipped="0">
  <testcase classname="tests.MessageTemplateSearch" name="InvalidDimensionEdit" time="15.961"/>
</testsuite> <!-- tests.MessageTemplateSearch -->
