<?xml version="1.0" encoding="UTF-8"?>
<!-- Generated by org.testng.reporters.JUnitReportReporter -->
<testsuite hostname="ISTN24220" failures="0" tests="1" name="tests.TruckSearch" time="18.893" errors="0" timestamp="14 Oct 2019 11:44:27 GMT" skipped="0">
  <testcase classname="tests.TruckSearch" name="InvalidTruckSearch" time="18.893"/>
</testsuite> <!-- tests.TruckSearch -->
