<?xml version="1.0" encoding="UTF-8"?>
<!-- Generated by org.testng.reporters.JUnitReportReporter -->
<testsuite hostname="ISTN24220" failures="0" tests="1" name="tests.Pallet_DefinitionSearch" time="17.963" errors="0" timestamp="14 Oct 2019 13:22:47 GMT" skipped="0">
  <testcase classname="tests.Pallet_DefinitionSearch" name="InvalidAddDimensionInfo" time="17.963"/>
</testsuite> <!-- tests.Pallet_DefinitionSearch -->
