<?xml version="1.0" encoding="UTF-8"?>
<!-- Generated by org.testng.reporters.JUnitReportReporter -->
<testsuite hostname="ISTN24220" failures="0" tests="2" name="tests.Pallet_Definition" time="43.873" errors="0" timestamp="14 Oct 2019 13:13:06 GMT" skipped="0">
  <testcase classname="tests.Pallet_Definition" name="InvalidAddPalletDefiniton" time="20.157"/>
  <testcase classname="tests.Pallet_Definition" name="AddPalletDefiniton" time="23.716"/>
</testsuite> <!-- tests.Pallet_Definition -->
