<?xml version="1.0" encoding="UTF-8"?>
<!-- Generated by org.testng.reporters.JUnitReportReporter -->
<testsuite hostname="ISTN24220" failures="0" tests="2" name="tests.Theme" time="37.622" errors="0" timestamp="15 Oct 2019 13:31:42 GMT" skipped="0">
  <testcase classname="tests.Theme" name="EmptyAddTheme" time="19.285"/>
  <testcase classname="tests.Theme" name="AddTheme" time="18.337"/>
</testsuite> <!-- tests.Theme -->
