<?xml version="1.0" encoding="UTF-8"?>
<!-- Generated by org.testng.reporters.JUnitReportReporter -->
<testsuite hostname="ISTN24220" failures="0" tests="3" name="tests.Contacts" time="104.162" errors="0" timestamp="20 Nov 2019 11:27:41 GMT" skipped="0">
  <testcase classname="tests.Contacts" name="EmptyAddContacts" time="24.594"/>
  <testcase classname="tests.Contacts" name="InvalidAddContact" time="41.935"/>
  <testcase classname="tests.Contacts" name="AddContact" time="37.633"/>
</testsuite> <!-- tests.Contacts -->
