<?xml version="1.0" encoding="UTF-8"?>
<!-- Generated by org.testng.reporters.JUnitReportReporter -->
<testsuite hostname="ISTN24220" failures="0" tests="2" name="tests.Groups" time="30.213" errors="0" timestamp="15 Oct 2019 10:44:47 GMT" skipped="0">
  <testcase classname="tests.Groups" name="InvalidAddingGroup" time="18.393"/>
  <testcase classname="tests.Groups" name="AddingGroup" time="11.820"/>
</testsuite> <!-- tests.Groups -->
