<?xml version="1.0" encoding="UTF-8"?>
<!-- Generated by org.testng.reporters.JUnitReportReporter -->
<testsuite hostname="ISTN24220" failures="0" tests="1" name="tests.DistanceSearch" time="17.662" errors="0" timestamp="14 Oct 2019 12:53:48 GMT" skipped="0">
  <testcase classname="tests.DistanceSearch" name="InvalidDimensionEdit" time="17.662"/>
</testsuite> <!-- tests.DistanceSearch -->
