<?xml version="1.0" encoding="UTF-8"?>
<!-- Generated by org.testng.reporters.JUnitReportReporter -->
<testsuite hostname="ISTN24220" failures="0" tests="2" name="tests.CompanyAdress" time="51.916" errors="0" timestamp="11 Nov 2019 12:01:56 GMT" skipped="0">
  <testcase classname="tests.CompanyAdress" name="EmptyAddCompanyAdress" time="27.253"/>
  <testcase classname="tests.CompanyAdress" name="AddCompanyAdress" time="24.663"/>
</testsuite> <!-- tests.CompanyAdress -->
