<?xml version="1.0" encoding="UTF-8"?>
<!-- Generated by org.testng.reporters.JUnitReportReporter -->
<testsuite hostname="ISTN24220" failures="0" tests="2" name="tests.Country" time="38.138" errors="0" timestamp="16 Oct 2019 10:52:26 GMT" skipped="0">
  <testcase classname="tests.Country" name="EmptyAddCountry" time="22.293"/>
  <testcase classname="tests.Country" name="AddCompany" time="15.845"/>
</testsuite> <!-- tests.Country -->
