<?xml version="1.0" encoding="UTF-8"?>
<!-- Generated by org.testng.reporters.JUnitReportReporter -->
<testsuite hostname="ISTN24220" failures="0" tests="1" name="tests.ThemeSearch" time="18.197" errors="0" timestamp="15 Oct 2019 13:33:15 GMT" skipped="0">
  <testcase classname="tests.ThemeSearch" name="ThemeSearchItem" time="18.197"/>
</testsuite> <!-- tests.ThemeSearch -->
