<?xml version="1.0" encoding="UTF-8"?>
<!-- Generated by org.testng.reporters.JUnitReportReporter -->
<testsuite hostname="ISTN24220" failures="0" tests="2" name="tests.DimensionSearch" time="44.142" errors="0" timestamp="20 Nov 2019 11:42:32 GMT" skipped="0">
  <testcase classname="tests.DimensionSearch" name="SearchDimensionName" time="23.281"/>
  <testcase classname="tests.DimensionSearch" name="InvalidSearchDimensionName" time="20.861"/>
</testsuite> <!-- tests.DimensionSearch -->
