<?xml version="1.0" encoding="UTF-8"?>
<!-- Generated by org.testng.reporters.JUnitReportReporter -->
<testsuite hostname="ISTN24220" failures="0" tests="2" name="tests.SystemSettings" time="41.158" errors="0" timestamp="16 Oct 2019 13:41:08 GMT" skipped="0">
  <testcase classname="tests.SystemSettings" name="EmptyAddSystemSettings" time="23.841"/>
  <testcase classname="tests.SystemSettings" name="AddSystemSettings" time="17.317"/>
</testsuite> <!-- tests.SystemSettings -->
