<?xml version="1.0" encoding="UTF-8"?>
<!-- Generated by org.testng.reporters.JUnitReportReporter -->
<testsuite hostname="ISTN24220" failures="0" tests="2" name="tests.PackageEdit" time="39.662" errors="0" timestamp="19 Sep 2019 13:37:34 GMT" skipped="0">
  <testcase classname="tests.PackageEdit" name="InvalidDimensionEdit" time="20.924"/>
  <testcase classname="tests.PackageEdit" name="PackageEdit" time="18.738"/>
</testsuite> <!-- tests.PackageEdit -->
