<?xml version="1.0" encoding="UTF-8"?>
<!-- Generated by org.testng.reporters.JUnitReportReporter -->
<testsuite hostname="ISTN24220" failures="0" tests="2" name="tests.Loading_Duration" time="44.587" errors="0" timestamp="19 Sep 2019 11:05:21 GMT" skipped="0">
  <testcase classname="tests.Loading_Duration" name="EmptyAddLoadingDuration" time="20.828"/>
  <testcase classname="tests.Loading_Duration" name="InvalidAddLoadingDuration" time="23.759"/>
</testsuite> <!-- tests.Loading_Duration -->
