<?xml version="1.0" encoding="UTF-8"?>
<!-- Generated by org.testng.reporters.JUnitReportReporter -->
<testsuite hostname="ISTN24220" failures="0" tests="1" name="tests.Hostinfo" time="17.563" errors="0" timestamp="08 Nov 2019 06:31:44 GMT" skipped="0">
  <testcase classname="tests.Hostinfo" name="HostInfo" time="17.563"/>
</testsuite> <!-- tests.Hostinfo -->
