<?xml version="1.0" encoding="UTF-8"?>
<!-- Generated by org.testng.reporters.JUnitReportReporter -->
<testsuite hostname="ISTN24220" failures="0" tests="2" name="tests.Order_Materials" time="36.040" errors="0" timestamp="14 Oct 2019 13:05:33 GMT" skipped="0">
  <testcase classname="tests.Order_Materials" name="InvalidAddDimensionInfo" time="17.787"/>
  <testcase classname="tests.Order_Materials" name="AddDimensionInfo" time="18.253"/>
</testsuite> <!-- tests.Order_Materials -->
