<?xml version="1.0" encoding="UTF-8"?>
<!-- Generated by org.testng.reporters.JUnitReportReporter -->
<testsuite hostname="ISTN24220" failures="0" tests="2" name="tests.Domains" time="33.743" errors="1" timestamp="15 Oct 2019 13:11:43 GMT" skipped="0">
  <testcase classname="tests.Domains" name="EmptyAddDomain" time="20.698"/>
  <testcase classname="tests.Domains" name="AddDomain" time="13.045">
    <error message="element click intercepted: Element &lt;img src=&quot;data:image/png;base64,iVBORw0KGgoAAAANSUhEUgAAACMAAAAjCAYAAAAe2bNZAAAAAXNSR0IB2cksfwAAAAlwSFlzAAALEwAACxMBAJqcGAAABjBJREFUeJzVWFlTFFcYtaJJ/AHxxR/gY/5AMCoKsgkKqOiwqSliLExUtrgE0AKlKAcYdgipbArDNiAiyyAmKA8hpRaSKh9cMaLEElmEwWGG6ZPvuzPTdDcNouElt+rU5d77nXPPfHfpblas+L+W4OsFK4N7CtYRwgkVhAHCCMHpqQc8/dtEHMUvv4megjWEAIKF8JwgEbAIHJ44i4e3ZjlMfEgII/QR7PJkv+cjsDkH/uXp2JyTCt/MJFFzm/t5XGHM7uGHst57GQnrMfKS5BImlb86yGrEpuTD+CzEAJ+NUdi0JQabt8aJmtvc73s6ScRpssU6uaz7bhm5bvqIiDXa9AeYz8InLAa+fjEIDvsKO3YemQfu37glWsRxvM4SVrP+u2REZSSouxD+P+bCx2/vgib0THE885ivNUTzfLB4Rtx7JFdrZEtlHnwiDiAo9OCSjHgRtO2g4DFfx9CBRfeQZ7NOqjLSUIENicm0NLHyJOG7jiIqOhURu4+pJuf23tg0GOKOC0TsPip4zGcdjSE+baELGVnj2fVuI9fYSCX9qiJsCD2A0B2JiDYcQ1xMEgxU7zakIDrePakh9ltRc5tNxsamYH88jUcnCR7zWYf1NIb6dI+95z6Qj2/A5TL4mavga8zF5sB9SNifgu6Sc7hRnoO2gmzRjoxym9oTkypqbn9J/e2mbBHXXXIWCftSBJ91WI91Ncc+QG3EfbNalMvDRMbGUxkIDElA9bkzQFexjKkrhegsPIuy9Azkpp5CeUYGrNTmfmXcReIxn3W8mprsWAKvm1Yqs7LOs4burLSUzZlJOSFOhjlHbWapYJ447qTj1WR9hZlnPL/STLjyiver+15lJmzHIVwyZr2XmZa8LGwPP6Qyw/oKMzxvuNJMhbxEXUVzJEJs1newZKdirMUEGy3BYG0eHpmN+Kcxf97ELmsxhurz8JjGOW6mowjjxGsiPusodTVLVaE0MyAvUWupTNhursStmnS4LBnyhMMN55GVmIh7F3LmjHSaRC2Rmbrs4+g2ZahNEp91WM+rHdhRrDQzoDQz4h3YeqlcJsSZyzBsPq4y0/9DNtZ/vhPXvBOSEVfTafH3bGcRjsYnID/pyDwzrMN6spm2EqWZEaUZp2zGMmcmjH5Jv1mdGcZMeyEkb7sjH7P1J+QxNuSyFs0z02/OEHryJr5SqjTjfGtmGHvM5Wi3GPU3qLVQZMVpToHUmqMfQ2A+6yh1F8uM7p7x4lhjJWzWEp2JiiBRZqS28/K+0cJG+4j5Ws3F9syCp4kRRUfxjytlqkkcHYVoKjbi5tUO3O62irq5JE/0K+OYF6W4KpZymvid1eEd9K9Xk/0JJy2VcCkm4T1TczoNJ4NjcCM0HukhMTCfSVPvFQLz/DVG/Osrta+oIUu6geW01lbhfkepajJ7qwkvTJkYSU7CS6q5rRzneOZptRa/gRd5NilhoHQ/75zbO3xy+PJ7WGPEMNXc9o5xnEFnefSeTUE9mq+IhZ7aWkTUVaHlcjmmrPonh/t/bikXcXr8tz61PWZ032f0BGObL+DX1ipxnPkkSe157pra3L/H8osub4H3mU/mmfEYUr3phXQX4evfmmG+24+OR/dgfUx49AB3nr3AwyeDsLcZxR3jrE0VNbcf/j2Im0+fiziOZ5757h18Qzqst6Q3PY8Z1Ttw+l/NGHdMQ1nsDhdGJuwCE/fvwGHJFEa4nngwIPpfvbZT3KyKN0E6maSnMLP4OzAXz9dBdWRvCUZnbNAWSYKYTBganyZD/ZSZNFFzW5iccsAlzaNijPQie0uX9nUgZ4i+a6oH+xrmy7mLw+maM0T4s/ua/Per1zNifKFS/aSvIaSnYGnfTd5yeej2qjHHVLJTco3qifJyPX/5GhdrO8WXQXWdVbS5X6+Qzqsxhy25ZejWqncy4i1Pp0dX054xOFyzAxIkp3a5xidsqKiqR1j4YfzwUxMmJqdFvzpOcjqJT3vGMGQbXf1eRpRl+M3EWhKLtLucXbP0C5WTWbt6sZ6+sbuu9s4ZgOTiOI5n3vCb8bX/2YS2DIwNfUyb+lPaiF/YZmcaJ532kbrGNslnwy7UWdokbnM/xcRwHMcvu4m3FUrGsvxT6F9JZPlHV0tISgAAAABJRU5ErkJggg==&quot; class=&quot;img-avatar&quot; alt=&quot;thumbnail&quot;&gt; is not clickable at point (1872, 27). Other element would receive the click: &lt;div class=&quot;dx-overlay-wrapper dx-datagrid-edit-popup dx-popup-wrapper dx-overlay-modal dx-overlay-shader&quot; data-bind=&quot;dxControlsDescendantBindings: true&quot; style=&quot;z-index: 1501; position: fixed; width: 100%; height: 100%; left: 0px; top: 0px; transform: translate(0px, 0px); transition: all 0s ease 0s;&quot;&gt;...&lt;/div&gt;
  (Session info: chrome=77.0.3865.90)
Build info: version: &#039;3.141.59&#039;, revision: &#039;e82be7d358&#039;, time: &#039;2018-11-14T08:17:03&#039;
System info: host: &#039;ISTN24220&#039;, ip: &#039;10.70.25.29&#039;, os.name: &#039;Windows 10&#039;, os.arch: &#039;amd64&#039;, os.version: &#039;10.0&#039;, java.version: &#039;11.0.2&#039;
Driver info: org.openqa.selenium.chrome.ChromeDriver
Capabilities {acceptInsecureCerts: false, browserName: chrome, browserVersion: 77.0.3865.90, chrome: {chromedriverVersion: 76.0.3809.126 (d80a294506b4..., userDataDir: C:\Users\TR24220\AppData\Lo...}, goog:chromeOptions: {debuggerAddress: localhost:59277}, javascriptEnabled: true, networkConnectionEnabled: false, pageLoadStrategy: normal, platform: XP, platformName: XP, proxy: Proxy(), setWindowRect: true, strictFileInteractability: false, timeouts: {implicit: 0, pageLoad: 300000, script: 30000}, unhandledPromptBehavior: dismiss and notify}
Session ID: b67b4418208de6bfdd0886c039c58207" type="org.openqa.selenium.ElementClickInterceptedException">
      <![CDATA[org.openqa.selenium.ElementClickInterceptedException: element click intercepted: Element <img src="data:image/png;base64,iVBORw0KGgoAAAANSUhEUgAAACMAAAAjCAYAAAAe2bNZAAAAAXNSR0IB2cksfwAAAAlwSFlzAAALEwAACxMBAJqcGAAABjBJREFUeJzVWFlTFFcYtaJJ/AHxxR/gY/5AMCoKsgkKqOiwqSliLExUtrgE0AKlKAcYdgipbArDNiAiyyAmKA8hpRaSKh9cMaLEElmEwWGG6ZPvuzPTdDcNouElt+rU5d77nXPPfHfpblas+L+W4OsFK4N7CtYRwgkVhAHCCMHpqQc8/dtEHMUvv4megjWEAIKF8JwgEbAIHJ44i4e3ZjlMfEgII/QR7PJkv+cjsDkH/uXp2JyTCt/MJFFzm/t5XGHM7uGHst57GQnrMfKS5BImlb86yGrEpuTD+CzEAJ+NUdi0JQabt8aJmtvc73s6ScRpssU6uaz7bhm5bvqIiDXa9AeYz8InLAa+fjEIDvsKO3YemQfu37glWsRxvM4SVrP+u2REZSSouxD+P+bCx2/vgib0THE885ivNUTzfLB4Rtx7JFdrZEtlHnwiDiAo9OCSjHgRtO2g4DFfx9CBRfeQZ7NOqjLSUIENicm0NLHyJOG7jiIqOhURu4+pJuf23tg0GOKOC0TsPip4zGcdjSE+baELGVnj2fVuI9fYSCX9qiJsCD2A0B2JiDYcQ1xMEgxU7zakIDrePakh9ltRc5tNxsamYH88jUcnCR7zWYf1NIb6dI+95z6Qj2/A5TL4mavga8zF5sB9SNifgu6Sc7hRnoO2gmzRjoxym9oTkypqbn9J/e2mbBHXXXIWCftSBJ91WI91Ncc+QG3EfbNalMvDRMbGUxkIDElA9bkzQFexjKkrhegsPIuy9Azkpp5CeUYGrNTmfmXcReIxn3W8mprsWAKvm1Yqs7LOs4burLSUzZlJOSFOhjlHbWapYJ447qTj1WR9hZlnPL/STLjyiver+15lJmzHIVwyZr2XmZa8LGwPP6Qyw/oKMzxvuNJMhbxEXUVzJEJs1newZKdirMUEGy3BYG0eHpmN+Kcxf97ELmsxhurz8JjGOW6mowjjxGsiPusodTVLVaE0MyAvUWupTNhursStmnS4LBnyhMMN55GVmIh7F3LmjHSaRC2Rmbrs4+g2ZahNEp91WM+rHdhRrDQzoDQz4h3YeqlcJsSZyzBsPq4y0/9DNtZ/vhPXvBOSEVfTafH3bGcRjsYnID/pyDwzrMN6spm2EqWZEaUZp2zGMmcmjH5Jv1mdGcZMeyEkb7sjH7P1J+QxNuSyFs0z02/OEHryJr5SqjTjfGtmGHvM5Wi3GPU3qLVQZMVpToHUmqMfQ2A+6yh1F8uM7p7x4lhjJWzWEp2JiiBRZqS28/K+0cJG+4j5Ws3F9syCp4kRRUfxjytlqkkcHYVoKjbi5tUO3O62irq5JE/0K+OYF6W4KpZymvid1eEd9K9Xk/0JJy2VcCkm4T1TczoNJ4NjcCM0HukhMTCfSVPvFQLz/DVG/Osrta+oIUu6geW01lbhfkepajJ7qwkvTJkYSU7CS6q5rRzneOZptRa/gRd5NilhoHQ/75zbO3xy+PJ7WGPEMNXc9o5xnEFnefSeTUE9mq+IhZ7aWkTUVaHlcjmmrPonh/t/bikXcXr8tz61PWZ032f0BGObL+DX1ipxnPkkSe157pra3L/H8osub4H3mU/mmfEYUr3phXQX4evfmmG+24+OR/dgfUx49AB3nr3AwyeDsLcZxR3jrE0VNbcf/j2Im0+fiziOZ5757h18Qzqst6Q3PY8Z1Ttw+l/NGHdMQ1nsDhdGJuwCE/fvwGHJFEa4nngwIPpfvbZT3KyKN0E6maSnMLP4OzAXz9dBdWRvCUZnbNAWSYKYTBganyZD/ZSZNFFzW5iccsAlzaNijPQie0uX9nUgZ4i+a6oH+xrmy7mLw+maM0T4s/ua/Per1zNifKFS/aSvIaSnYGnfTd5yeej2qjHHVLJTco3qifJyPX/5GhdrO8WXQXWdVbS5X6+Qzqsxhy25ZejWqncy4i1Pp0dX054xOFyzAxIkp3a5xidsqKiqR1j4YfzwUxMmJqdFvzpOcjqJT3vGMGQbXf1eRpRl+M3EWhKLtLucXbP0C5WTWbt6sZ6+sbuu9s4ZgOTiOI5n3vCb8bX/2YS2DIwNfUyb+lPaiF/YZmcaJ532kbrGNslnwy7UWdokbnM/xcRwHMcvu4m3FUrGsvxT6F9JZPlHV0tISgAAAABJRU5ErkJggg==" class="img-avatar" alt="thumbnail"> is not clickable at point (1872, 27). Other element would receive the click: <div class="dx-overlay-wrapper dx-datagrid-edit-popup dx-popup-wrapper dx-overlay-modal dx-overlay-shader" data-bind="dxControlsDescendantBindings: true" style="z-index: 1501; position: fixed; width: 100%; height: 100%; left: 0px; top: 0px; transform: translate(0px, 0px); transition: all 0s ease 0s;">...</div>
  (Session info: chrome=77.0.3865.90)
Build info: version: '3.141.59', revision: 'e82be7d358', time: '2018-11-14T08:17:03'
System info: host: 'ISTN24220', ip: '10.70.25.29', os.name: 'Windows 10', os.arch: 'amd64', os.version: '10.0', java.version: '11.0.2'
Driver info: org.openqa.selenium.chrome.ChromeDriver
Capabilities {acceptInsecureCerts: false, browserName: chrome, browserVersion: 77.0.3865.90, chrome: {chromedriverVersion: 76.0.3809.126 (d80a294506b4..., userDataDir: C:\Users\TR24220\AppData\Lo...}, goog:chromeOptions: {debuggerAddress: localhost:59277}, javascriptEnabled: true, networkConnectionEnabled: false, pageLoadStrategy: normal, platform: XP, platformName: XP, proxy: Proxy(), setWindowRect: true, strictFileInteractability: false, timeouts: {implicit: 0, pageLoad: 300000, script: 30000}, unhandledPromptBehavior: dismiss and notify}
Session ID: b67b4418208de6bfdd0886c039c58207
at java.base/jdk.internal.reflect.NativeConstructorAccessorImpl.newInstance0(Native Method)
at java.base/jdk.internal.reflect.NativeConstructorAccessorImpl.newInstance(NativeConstructorAccessorImpl.java:62)
at java.base/jdk.internal.reflect.DelegatingConstructorAccessorImpl.newInstance(DelegatingConstructorAccessorImpl.java:45)
at java.base/java.lang.reflect.Constructor.newInstance(Constructor.java:490)
at org.openqa.selenium.remote.http.W3CHttpResponseCodec.createException(W3CHttpResponseCodec.java:187)
at org.openqa.selenium.remote.http.W3CHttpResponseCodec.decode(W3CHttpResponseCodec.java:122)
at org.openqa.selenium.remote.http.W3CHttpResponseCodec.decode(W3CHttpResponseCodec.java:49)
at org.openqa.selenium.remote.HttpCommandExecutor.execute(HttpCommandExecutor.java:158)
at org.openqa.selenium.remote.service.DriverCommandExecutor.execute(DriverCommandExecutor.java:83)
at org.openqa.selenium.remote.RemoteWebDriver.execute(RemoteWebDriver.java:552)
at org.openqa.selenium.remote.RemoteWebElement.execute(RemoteWebElement.java:285)
at org.openqa.selenium.remote.RemoteWebElement.click(RemoteWebElement.java:84)
at pages.BasePage.click(BasePage.java:20)
at pages.LoginPage.LogoutPage(LoginPage.java:1907)
at tests.Domains.AddDomain(Domains.java:36)
at java.base/jdk.internal.reflect.NativeMethodAccessorImpl.invoke0(Native Method)
at java.base/jdk.internal.reflect.NativeMethodAccessorImpl.invoke(NativeMethodAccessorImpl.java:62)
at java.base/jdk.internal.reflect.DelegatingMethodAccessorImpl.invoke(DelegatingMethodAccessorImpl.java:43)
at java.base/java.lang.reflect.Method.invoke(Method.java:566)
at org.testng.internal.MethodInvocationHelper.invokeMethod(MethodInvocationHelper.java:124)
at org.testng.internal.Invoker.invokeMethod(Invoker.java:583)
at org.testng.internal.Invoker.invokeTestMethod(Invoker.java:719)
at org.testng.internal.Invoker.invokeTestMethods(Invoker.java:989)
at org.testng.internal.TestMethodWorker.invokeTestMethods(TestMethodWorker.java:125)
at org.testng.internal.TestMethodWorker.run(TestMethodWorker.java:109)
at org.testng.TestRunner.privateRun(TestRunner.java:648)
at org.testng.TestRunner.run(TestRunner.java:505)
at org.testng.SuiteRunner.runTest(SuiteRunner.java:455)
at org.testng.SuiteRunner.runSequentially(SuiteRunner.java:450)
at org.testng.SuiteRunner.privateRun(SuiteRunner.java:415)
at org.testng.SuiteRunner.run(SuiteRunner.java:364)
at org.testng.SuiteRunnerWorker.runSuite(SuiteRunnerWorker.java:52)
at org.testng.SuiteRunnerWorker.run(SuiteRunnerWorker.java:84)
at org.testng.TestNG.runSuitesSequentially(TestNG.java:1208)
at org.testng.TestNG.runSuitesLocally(TestNG.java:1137)
at org.testng.TestNG.runSuites(TestNG.java:1049)
at org.testng.TestNG.run(TestNG.java:1017)
at org.testng.remote.AbstractRemoteTestNG.run(AbstractRemoteTestNG.java:115)
at org.testng.remote.RemoteTestNG.initAndRun(RemoteTestNG.java:251)
at org.testng.remote.RemoteTestNG.main(RemoteTestNG.java:77)
]]>
    </error>
  </testcase> <!-- AddDomain -->
</testsuite> <!-- tests.Domains -->
