<?xml version="1.0" encoding="UTF-8"?>
<!-- Generated by org.testng.reporters.JUnitReportReporter -->
<testsuite hostname="ISTN24220" failures="0" tests="2" name="tests.Dimension" time="47.475" errors="0" timestamp="20 Nov 2019 11:41:16 GMT" skipped="0">
  <testcase classname="tests.Dimension" name="EmptyAddDimension" time="24.324"/>
  <testcase classname="tests.Dimension" name="AddDimension" time="23.151"/>
</testsuite> <!-- tests.Dimension -->
