<?xml version="1.0" encoding="UTF-8"?>
<!-- Generated by org.testng.reporters.JUnitReportReporter -->
<testsuite hostname="ISTN24220" failures="0" tests="2" name="tests.MaterialEdit" time="41.235" errors="0" timestamp="17 Sep 2019 10:40:33 GMT" skipped="0">
  <testcase classname="tests.MaterialEdit" name="InvalidMaterialEdit" time="22.538"/>
  <testcase classname="tests.MaterialEdit" name="MaterialEdit" time="18.697"/>
</testsuite> <!-- tests.MaterialEdit -->
