<?xml version="1.0" encoding="UTF-8"?>
<!-- Generated by org.testng.reporters.JUnitReportReporter -->
<testsuite hostname="ISTN24220" failures="0" tests="2" name="tests.Lookup" time="39.488" errors="0" timestamp="16 Oct 2019 10:27:42 GMT" skipped="0">
  <testcase classname="tests.Lookup" name="EmptyAddLookup" time="22.783"/>
  <testcase classname="tests.Lookup" name="AddLookup" time="16.705"/>
</testsuite> <!-- tests.Lookup -->
