<?xml version="1.0" encoding="UTF-8"?>
<!-- Generated by org.testng.reporters.JUnitReportReporter -->
<testsuite hostname="ISTN24220" failures="0" tests="2" name="tests.Region" time="48.975" errors="0" timestamp="15 Oct 2019 07:19:11 GMT" skipped="0">
  <testcase classname="tests.Region" name="EmptyAddRegion" time="23.298"/>
  <testcase classname="tests.Region" name="AddDistance" time="25.677"/>
</testsuite> <!-- tests.Region -->
